<?xml version="1.0" encoding="UTF-8"?>
<!-- Generated by org.testng.reporters.JUnitXMLReporter -->
<testsuite hostname="DESKTOP-K9KL98S" ignored="0" name="Default test" tests="2" failures="0" timestamp="2020-10-06T21:28:45 IST" time="16.336" errors="0">
  <testcase name="verifySearchPageTitleTest" time="0.027" classname="com.exl.qa.testcases.SearchPageTest"/>
  <testcase name="verifyEnterTextOnSerchBox" time="0.367" classname="com.exl.qa.testcases.SearchPageTest"/>
</testsuite> <!-- Default test -->
