<?xml version="1.0" encoding="UTF-8"?>
<!-- Generated by org.testng.reporters.JUnitXMLReporter -->
<testsuite hostname="DESKTOP-K9KL98S" ignored="0" name="Test" tests="3" failures="0" timestamp="2022-11-12T00:29:22 IST" time="22.458" errors="0">
  <testcase name="verifySearchPageTitleTest" time="0.029" classname="com.bmc.qa.testcases.SearchPageTest"/>
  <testcase name="verifyEnterTextOnSerchBox" time="0.298" classname="com.bmc.qa.testcases.SearchPageTest"/>
  <testcase name="searchList" time="0.056" classname="com.bmc.qa.testcases.SearchPageTest"/>
</testsuite> <!-- Test -->
