<?xml version="1.0" encoding="UTF-8"?>
<!-- Generated by org.testng.reporters.JUnitXMLReporter -->
<testsuite hostname="DESKTOP-K9KL98S" ignored="0" name="Test" tests="3" failures="0" timestamp="2022-11-11T23:53:55 IST" time="23.04" errors="0">
  <testcase name="verifySearchPageTitleTest" time="0.091" classname="com.bmc.qa.testcases.SearchPageTest"/>
  <testcase name="verifyEnterTextOnSerchBox" time="0.227" classname="com.bmc.qa.testcases.SearchPageTest"/>
  <testcase name="searchList" time="0.061" classname="com.bmc.qa.testcases.SearchPageTest"/>
</testsuite> <!-- Test -->
