<?xml version="1.0" encoding="UTF-8"?>
<!-- Generated by org.testng.reporters.JUnitXMLReporter -->
<testsuite hostname="DESKTOP-K9KL98S" ignored="0" name="Command line test" tests="2" failures="0" timestamp="2020-10-07T20:06:48 IST" time="14.277" errors="0">
  <testcase name="verifySearchPageTitleTest" time="0.019" classname="com.exl.qa.testcases.SearchPageTest"/>
  <testcase name="verifyEnterTextOnSerchBox" time="1.056" classname="com.exl.qa.testcases.SearchPageTest"/>
</testsuite> <!-- Command line test -->
