<?xml version="1.0" encoding="UTF-8"?>
<testng-results skipped="0" failed="0" ignored="0" total="3" passed="3">
  <reporter-output>
  </reporter-output>
  <suite name="Suite" duration-ms="23040" started-at="2022-11-11T23:53:32 IST" finished-at="2022-11-11T23:53:55 IST">
    <groups>
    </groups>
    <test name="Test" duration-ms="23040" started-at="2022-11-11T23:53:32 IST" finished-at="2022-11-11T23:53:55 IST">
      <class name="com.bmc.qa.testcases.SearchPageTest">
        <test-method status="PASS" signature="setUp()[pri:0, instance:com.bmc.qa.testcases.SearchPageTest@7a30d1e6]" name="setUp" is-config="true" duration-ms="7374" started-at="2022-11-11T23:53:32 IST" finished-at="2022-11-11T23:53:40 IST">
          <reporter-output>
          </reporter-output>
        </test-method> <!-- setUp -->
        <test-method status="PASS" signature="verifySearchPageTitleTest()[pri:1, instance:com.bmc.qa.testcases.SearchPageTest@7a30d1e6]" name="verifySearchPageTitleTest" duration-ms="91" started-at="2022-11-11T23:53:40 IST" finished-at="2022-11-11T23:53:40 IST">
          <reporter-output>
          </reporter-output>
        </test-method> <!-- verifySearchPageTitleTest -->
        <test-method status="PASS" signature="tearDown()[pri:0, instance:com.bmc.qa.testcases.SearchPageTest@7a30d1e6]" name="tearDown" is-config="true" duration-ms="1277" started-at="2022-11-11T23:53:40 IST" finished-at="2022-11-11T23:53:41 IST">
          <reporter-output>
          </reporter-output>
        </test-method> <!-- tearDown -->
        <test-method status="PASS" signature="setUp()[pri:0, instance:com.bmc.qa.testcases.SearchPageTest@7a30d1e6]" name="setUp" is-config="true" duration-ms="6121" started-at="2022-11-11T23:53:41 IST" finished-at="2022-11-11T23:53:47 IST">
          <reporter-output>
          </reporter-output>
        </test-method> <!-- setUp -->
        <test-method status="PASS" signature="verifyEnterTextOnSerchBox()[pri:2, instance:com.bmc.qa.testcases.SearchPageTest@7a30d1e6]" name="verifyEnterTextOnSerchBox" duration-ms="227" started-at="2022-11-11T23:53:47 IST" finished-at="2022-11-11T23:53:48 IST">
          <reporter-output>
          </reporter-output>
        </test-method> <!-- verifyEnterTextOnSerchBox -->
        <test-method status="PASS" signature="tearDown()[pri:0, instance:com.bmc.qa.testcases.SearchPageTest@7a30d1e6]" name="tearDown" is-config="true" duration-ms="940" started-at="2022-11-11T23:53:48 IST" finished-at="2022-11-11T23:53:48 IST">
          <reporter-output>
          </reporter-output>
        </test-method> <!-- tearDown -->
        <test-method status="PASS" signature="setUp()[pri:0, instance:com.bmc.qa.testcases.SearchPageTest@7a30d1e6]" name="setUp" is-config="true" duration-ms="5999" started-at="2022-11-11T23:53:48 IST" finished-at="2022-11-11T23:53:54 IST">
          <reporter-output>
          </reporter-output>
        </test-method> <!-- setUp -->
        <test-method status="PASS" signature="searchList()[pri:3, instance:com.bmc.qa.testcases.SearchPageTest@7a30d1e6]" name="searchList" duration-ms="61" started-at="2022-11-11T23:53:54 IST" finished-at="2022-11-11T23:53:55 IST">
          <reporter-output>
          </reporter-output>
        </test-method> <!-- searchList -->
        <test-method status="PASS" signature="tearDown()[pri:0, instance:com.bmc.qa.testcases.SearchPageTest@7a30d1e6]" name="tearDown" is-config="true" duration-ms="873" started-at="2022-11-11T23:53:55 IST" finished-at="2022-11-11T23:53:55 IST">
          <reporter-output>
          </reporter-output>
        </test-method> <!-- tearDown -->
      </class> <!-- com.bmc.qa.testcases.SearchPageTest -->
    </test> <!-- Test -->
  </suite> <!-- Suite -->
</testng-results>
