<?xml version="1.0" encoding="UTF-8"?>
<testng-results skipped="0" failed="1" ignored="0" total="3" passed="2">
  <reporter-output>
  </reporter-output>
  <suite name="Default suite" duration-ms="23031" started-at="2022-11-11T23:22:58 IST" finished-at="2022-11-11T23:23:21 IST">
    <groups>
    </groups>
    <test name="Default test" duration-ms="23031" started-at="2022-11-11T23:22:58 IST" finished-at="2022-11-11T23:23:21 IST">
      <class name="com.bmc.qa.testcases.SearchPageTest">
        <test-method status="PASS" signature="setUp()[pri:0, instance:com.bmc.qa.testcases.SearchPageTest@7a30d1e6]" name="setUp" is-config="true" duration-ms="6930" started-at="2022-11-11T23:22:58 IST" finished-at="2022-11-11T23:23:05 IST">
          <reporter-output>
          </reporter-output>
        </test-method> <!-- setUp -->
        <test-method status="PASS" signature="verifySearchPageTitleTest()[pri:1, instance:com.bmc.qa.testcases.SearchPageTest@7a30d1e6]" name="verifySearchPageTitleTest" duration-ms="31" started-at="2022-11-11T23:23:05 IST" finished-at="2022-11-11T23:23:05 IST">
          <reporter-output>
          </reporter-output>
        </test-method> <!-- verifySearchPageTitleTest -->
        <test-method status="PASS" signature="tearDown()[pri:0, instance:com.bmc.qa.testcases.SearchPageTest@7a30d1e6]" name="tearDown" is-config="true" duration-ms="847" started-at="2022-11-11T23:23:05 IST" finished-at="2022-11-11T23:23:06 IST">
          <reporter-output>
          </reporter-output>
        </test-method> <!-- tearDown -->
        <test-method status="PASS" signature="setUp()[pri:0, instance:com.bmc.qa.testcases.SearchPageTest@7a30d1e6]" name="setUp" is-config="true" duration-ms="5743" started-at="2022-11-11T23:23:06 IST" finished-at="2022-11-11T23:23:12 IST">
          <reporter-output>
          </reporter-output>
        </test-method> <!-- setUp -->
        <test-method status="PASS" signature="verifyEnterTextOnSerchBox()[pri:2, instance:com.bmc.qa.testcases.SearchPageTest@7a30d1e6]" name="verifyEnterTextOnSerchBox" duration-ms="296" started-at="2022-11-11T23:23:12 IST" finished-at="2022-11-11T23:23:12 IST">
          <reporter-output>
          </reporter-output>
        </test-method> <!-- verifyEnterTextOnSerchBox -->
        <test-method status="PASS" signature="tearDown()[pri:0, instance:com.bmc.qa.testcases.SearchPageTest@7a30d1e6]" name="tearDown" is-config="true" duration-ms="997" started-at="2022-11-11T23:23:12 IST" finished-at="2022-11-11T23:23:13 IST">
          <reporter-output>
          </reporter-output>
        </test-method> <!-- tearDown -->
        <test-method status="PASS" signature="setUp()[pri:0, instance:com.bmc.qa.testcases.SearchPageTest@7a30d1e6]" name="setUp" is-config="true" duration-ms="7178" started-at="2022-11-11T23:23:13 IST" finished-at="2022-11-11T23:23:20 IST">
          <reporter-output>
          </reporter-output>
        </test-method> <!-- setUp -->
        <test-method status="FAIL" signature="searchList()[pri:3, instance:com.bmc.qa.testcases.SearchPageTest@7a30d1e6]" name="searchList" duration-ms="29" started-at="2022-11-11T23:23:20 IST" finished-at="2022-11-11T23:23:20 IST">
          <exception class="java.lang.AssertionError">
            <message>
              <![CDATA[expected [11] but found [1]]]>
            </message>
            <full-stacktrace>
              <![CDATA[java.lang.AssertionError: expected [11] but found [1]
at org.testng.Assert.fail(Assert.java:99)
at org.testng.Assert.failNotEquals(Assert.java:1037)
at org.testng.Assert.assertEqualsImpl(Assert.java:140)
at org.testng.Assert.assertEquals(Assert.java:122)
at org.testng.Assert.assertEquals(Assert.java:907)
at org.testng.Assert.assertEquals(Assert.java:917)
at com.bmc.qa.testcases.SearchPageTest.searchList(SearchPageTest.java:49)
at sun.reflect.NativeMethodAccessorImpl.invoke0(Native Method)
at sun.reflect.NativeMethodAccessorImpl.invoke(NativeMethodAccessorImpl.java:62)
at sun.reflect.DelegatingMethodAccessorImpl.invoke(DelegatingMethodAccessorImpl.java:43)
at java.lang.reflect.Method.invoke(Method.java:498)
at org.testng.internal.MethodInvocationHelper.invokeMethod(MethodInvocationHelper.java:132)
at org.testng.internal.TestInvoker.invokeMethod(TestInvoker.java:599)
at org.testng.internal.TestInvoker.invokeTestMethod(TestInvoker.java:174)
at org.testng.internal.MethodRunner.runInSequence(MethodRunner.java:46)
at org.testng.internal.TestInvoker$MethodInvocationAgent.invoke(TestInvoker.java:822)
at org.testng.internal.TestInvoker.invokeTestMethods(TestInvoker.java:147)
at org.testng.internal.TestMethodWorker.invokeTestMethods(TestMethodWorker.java:146)
at org.testng.internal.TestMethodWorker.run(TestMethodWorker.java:128)
at java.util.ArrayList.forEach(ArrayList.java:1257)
at org.testng.TestRunner.privateRun(TestRunner.java:764)
at org.testng.TestRunner.run(TestRunner.java:585)
at org.testng.SuiteRunner.runTest(SuiteRunner.java:384)
at org.testng.SuiteRunner.runSequentially(SuiteRunner.java:378)
at org.testng.SuiteRunner.privateRun(SuiteRunner.java:337)
at org.testng.SuiteRunner.run(SuiteRunner.java:286)
at org.testng.SuiteRunnerWorker.runSuite(SuiteRunnerWorker.java:53)
at org.testng.SuiteRunnerWorker.run(SuiteRunnerWorker.java:96)
at org.testng.TestNG.runSuitesSequentially(TestNG.java:1218)
at org.testng.TestNG.runSuitesLocally(TestNG.java:1140)
at org.testng.TestNG.runSuites(TestNG.java:1069)
at org.testng.TestNG.run(TestNG.java:1037)
at org.testng.remote.AbstractRemoteTestNG.run(AbstractRemoteTestNG.java:115)
at org.testng.remote.RemoteTestNG.initAndRun(RemoteTestNG.java:251)
at org.testng.remote.RemoteTestNG.main(RemoteTestNG.java:77)
]]>
            </full-stacktrace>
          </exception> <!-- java.lang.AssertionError -->
          <reporter-output>
          </reporter-output>
        </test-method> <!-- searchList -->
        <test-method status="PASS" signature="tearDown()[pri:0, instance:com.bmc.qa.testcases.SearchPageTest@7a30d1e6]" name="tearDown" is-config="true" duration-ms="907" started-at="2022-11-11T23:23:20 IST" finished-at="2022-11-11T23:23:21 IST">
          <reporter-output>
          </reporter-output>
        </test-method> <!-- tearDown -->
      </class> <!-- com.bmc.qa.testcases.SearchPageTest -->
    </test> <!-- Default test -->
  </suite> <!-- Default suite -->
</testng-results>
